2024-01-24 21:03:15,974 - INFO - [(STATUS) number of nodes 10]
2024-01-24 21:03:15,974 - INFO - [(STATUS) pointer: p, pointee: 0]
2024-01-24 21:03:15,974 - INFO - [(STATUS) pointer: 0, pointee: 1]
2024-01-24 21:03:15,974 - INFO - [(STATUS) pointer: 1, pointee: 7]
2024-01-24 21:03:15,974 - INFO - [(STATUS) pointer: r, pointee: 2]
2024-01-24 21:03:15,974 - INFO - [(STATUS) pointer: 2, pointee: 0]
2024-01-24 21:03:15,974 - INFO - [(STATUS) pointer: 4, pointee: 1]
2024-01-24 21:03:15,974 - INFO - [(STATUS) pointer: 4, pointee: 5]
2024-01-24 21:03:15,974 - INFO - [(STATUS) pointer: 5, pointee: 4]
2024-01-24 21:03:15,974 - INFO - [(STATUS) pointer: 5, pointee: 9]
2024-01-24 21:03:15,974 - INFO - [(STATUS) pointer: s, pointee: 6]
2024-01-24 21:03:15,974 - INFO - [(STATUS) pointer: 8, pointee: 4]
2024-01-24 21:03:15,974 - INFO - [(STATUS) pointer: 9, pointee: 8]
2024-01-24 21:03:15,974 - INFO - [(STATUS) marked set to: set()
2024-01-24 21:03:15,974 - INFO - [(STATUS) roots: ['p', 'r', 's']
2024-01-24 21:03:15,974 - INFO - [(STATUS) marked updated to: {0, 1, 2, 6, 7}
2024-01-24 21:03:15,974 - INFO - [(STATUS) marked_nodes: {0, 1, 2, 6, 7}]
2024-01-24 21:03:15,974 - INFO - [(STATUS) swept nodes: {3, 4, 5, 8, 9}]
2024-01-24 21:03:15,974 - INFO - [(STATUS) swept_nodes: {3, 4, 5, 8, 9}]
2024-01-24 21:03:15,974 - DEBUG - [(SUCCESS)]
2024-01-24 21:03:15,976 - INFO - [(STATUS): (gc module) garbo collector stats [{'collections': 22, 'collected': 99, 'uncollectable': 0}, {'collections': 1, 'collected': 0, 'uncollectable': 0}, {'collections': 1, 'collected': 0, 'uncollectable': 0}]]
